<?xml version="1.0" encoding="UTF-8"?>
<!-- Generated by org.testng.reporters.JUnitXMLReporter -->
<testsuite hostname="LD-4V2P3G2" name="pulseRegressionTest" tests="77" failures="0" timestamp="28 Feb 2018 23:58:20 GMT" time="2.23" errors="0">
  <testcase name="@BeforeClass beforeClass" time="0.0" classname="com.rf.test.website.LSD.LSDLinkTests">
    <failure type="org.springframework.jdbc.BadSqlGrammarException" message="StatementCallback; bad SQL grammar [SELECT TOP 1 FROM    Commissions.calcs.vwQualificationSummary WHERE SV &amp;lt;&amp;gt; 0 AND PSQV &amp;lt;&amp;gt; 0  AND ECLegs &amp;gt; 2 AND L1L2 &amp;lt;&amp;gt; 0  AND L1L6 &amp;lt;&amp;gt; 0 AND PeriodID = LEFT(CONVERT(VARCHAR, GETDATE(), 112), 6) ORDER BY NEWID()]; nested exception is com.microsoft.sqlserver.jdbc.SQLServerException: Incorrect syntax near the keyword &amp;apos;FROM&amp;apos;.">
      <![CDATA[org.springframework.jdbc.BadSqlGrammarException: StatementCallback; bad SQL grammar [SELECT TOP 1 FROM    Commissions.calcs.vwQualificationSummary WHERE SV <> 0 AND PSQV <> 0  AND ECLegs > 2 AND L1L2 <> 0  AND L1L6 <> 0 AND PeriodID = LEFT(CONVERT(VARCHAR, GETDATE(), 112), 6) ORDER BY NEWID()]; nested exception is com.microsoft.sqlserver.jdbc.SQLServerException: Incorrect syntax near the keyword 'FROM'.
Caused by: com.microsoft.sqlserver.jdbc.SQLServerException: Incorrect syntax near the keyword 'FROM'.
	at com.microsoft.sqlserver.jdbc.SQLServerException.makeFromDatabaseError(SQLServerException.java:196)
	at com.microsoft.sqlserver.jdbc.SQLServerStatement.getNextResult(SQLServerStatement.java:1454)
	at com.microsoft.sqlserver.jdbc.SQLServerStatement.doExecuteStatement(SQLServerStatement.java:786)
	at com.microsoft.sqlserver.jdbc.SQLServerStatement$StmtExecCmd.doExecute(SQLServerStatement.java:685)
	at com.microsoft.sqlserver.jdbc.TDSCommand.execute(IOBuffer.java:4026)
	at com.microsoft.sqlserver.jdbc.SQLServerConnection.executeCommand(SQLServerConnection.java:1416)
	at com.microsoft.sqlserver.jdbc.SQLServerStatement.executeCommand(SQLServerStatement.java:185)
	at com.microsoft.sqlserver.jdbc.SQLServerStatement.executeStatement(SQLServerStatement.java:160)
	at com.microsoft.sqlserver.jdbc.SQLServerStatement.executeQuery(SQLServerStatement.java:620)
	at org.springframework.jdbc.core.JdbcTemplate$1QueryStatementCallback.doInStatement(JdbcTemplate.java:389)
	at org.springframework.jdbc.core.JdbcTemplate.execute(JdbcTemplate.java:342)
	at org.springframework.jdbc.core.JdbcTemplate.query(JdbcTemplate.java:404)
	at org.springframework.jdbc.core.JdbcTemplate.query(JdbcTemplate.java:412)
	at com.rf.core.utils.DBUtil.performDatabaseQuery(DBUtil.java:80)
	at com.rf.test.website.RFLSDWebsiteBaseTest.beforeClass(RFLSDWebsiteBaseTest.java:103)
... Removed 24 stack frames]]>
    </failure>
  </testcase> <!-- @BeforeClass beforeClass -->
  <testcase name="@BeforeMethod initiateSoftAssertObject" time="0.0" classname="com.rf.test.website.LSD.LSDLinkTests">
    <skipped/>
  </testcase> <!-- @BeforeMethod initiateSoftAssertObject -->
  <testcase name="@AfterMethod tearDownAfterMethod" time="0.0" classname="com.rf.test.website.LSD.LSDLinkTests">
    <skipped/>
  </testcase> <!-- @AfterMethod tearDownAfterMethod -->
  <testcase name="@BeforeMethod initiateSoftAssertObject" time="0.0" classname="com.rf.test.website.LSD.LSDLinkTests">
    <skipped/>
  </testcase> <!-- @BeforeMethod initiateSoftAssertObject -->
  <testcase name="@AfterMethod tearDownAfterMethod" time="0.0" classname="com.rf.test.website.LSD.LSDLinkTests">
    <skipped/>
  </testcase> <!-- @AfterMethod tearDownAfterMethod -->
  <testcase name="@BeforeMethod initiateSoftAssertObject" time="0.0" classname="com.rf.test.website.LSD.LSDLinkTests">
    <skipped/>
  </testcase> <!-- @BeforeMethod initiateSoftAssertObject -->
  <testcase name="@AfterMethod tearDownAfterMethod" time="0.0" classname="com.rf.test.website.LSD.LSDLinkTests">
    <skipped/>
  </testcase> <!-- @AfterMethod tearDownAfterMethod -->
  <testcase name="@BeforeMethod initiateSoftAssertObject" time="0.0" classname="com.rf.test.website.LSD.LSDLinkTests">
    <skipped/>
  </testcase> <!-- @BeforeMethod initiateSoftAssertObject -->
  <testcase name="@AfterMethod tearDownAfterMethod" time="0.0" classname="com.rf.test.website.LSD.LSDLinkTests">
    <skipped/>
  </testcase> <!-- @AfterMethod tearDownAfterMethod -->
  <testcase name="@BeforeMethod initiateSoftAssertObject" time="0.0" classname="com.rf.test.website.LSD.LSDLinkTests">
    <skipped/>
  </testcase> <!-- @BeforeMethod initiateSoftAssertObject -->
  <testcase name="@AfterMethod tearDownAfterMethod" time="0.0" classname="com.rf.test.website.LSD.LSDLinkTests">
    <skipped/>
  </testcase> <!-- @AfterMethod tearDownAfterMethod -->
  <testcase name="@BeforeMethod initiateSoftAssertObject" time="0.0" classname="com.rf.test.website.LSD.LSDLinkTests">
    <skipped/>
  </testcase> <!-- @BeforeMethod initiateSoftAssertObject -->
  <testcase name="@AfterMethod tearDownAfterMethod" time="0.0" classname="com.rf.test.website.LSD.LSDLinkTests">
    <skipped/>
  </testcase> <!-- @AfterMethod tearDownAfterMethod -->
  <testcase name="@BeforeMethod initiateSoftAssertObject" time="0.0" classname="com.rf.test.website.LSD.LSDLinkTests">
    <skipped/>
  </testcase> <!-- @BeforeMethod initiateSoftAssertObject -->
  <testcase name="@AfterMethod tearDownAfterMethod" time="0.0" classname="com.rf.test.website.LSD.LSDLinkTests">
    <skipped/>
  </testcase> <!-- @AfterMethod tearDownAfterMethod -->
  <testcase name="@BeforeMethod initiateSoftAssertObject" time="0.0" classname="com.rf.test.website.LSD.LSDLinkTests">
    <skipped/>
  </testcase> <!-- @BeforeMethod initiateSoftAssertObject -->
  <testcase name="@AfterMethod tearDownAfterMethod" time="0.0" classname="com.rf.test.website.LSD.LSDLinkTests">
    <skipped/>
  </testcase> <!-- @AfterMethod tearDownAfterMethod -->
  <testcase name="@BeforeMethod initiateSoftAssertObject" time="0.0" classname="com.rf.test.website.LSD.LSDLinkTests">
    <skipped/>
  </testcase> <!-- @BeforeMethod initiateSoftAssertObject -->
  <testcase name="@AfterMethod tearDownAfterMethod" time="0.0" classname="com.rf.test.website.LSD.LSDLinkTests">
    <skipped/>
  </testcase> <!-- @AfterMethod tearDownAfterMethod -->
  <testcase name="@BeforeMethod initiateSoftAssertObject" time="0.0" classname="com.rf.test.website.LSD.LSDLinkTests">
    <skipped/>
  </testcase> <!-- @BeforeMethod initiateSoftAssertObject -->
  <testcase name="@AfterMethod tearDownAfterMethod" time="0.0" classname="com.rf.test.website.LSD.LSDLinkTests">
    <skipped/>
  </testcase> <!-- @AfterMethod tearDownAfterMethod -->
  <testcase name="@BeforeMethod initiateSoftAssertObject" time="0.0" classname="com.rf.test.website.LSD.LSDLinkTests">
    <skipped/>
  </testcase> <!-- @BeforeMethod initiateSoftAssertObject -->
  <testcase name="@AfterMethod tearDownAfterMethod" time="0.0" classname="com.rf.test.website.LSD.LSDLinkTests">
    <skipped/>
  </testcase> <!-- @AfterMethod tearDownAfterMethod -->
  <testcase name="@BeforeMethod initiateSoftAssertObject" time="0.0" classname="com.rf.test.website.LSD.LSDLinkTests">
    <skipped/>
  </testcase> <!-- @BeforeMethod initiateSoftAssertObject -->
  <testcase name="@AfterMethod tearDownAfterMethod" time="0.0" classname="com.rf.test.website.LSD.LSDLinkTests">
    <skipped/>
  </testcase> <!-- @AfterMethod tearDownAfterMethod -->
  <testcase name="@BeforeMethod initiateSoftAssertObject" time="0.0" classname="com.rf.test.website.LSD.LSDLinkTests">
    <skipped/>
  </testcase> <!-- @BeforeMethod initiateSoftAssertObject -->
  <testcase name="@AfterMethod tearDownAfterMethod" time="0.0" classname="com.rf.test.website.LSD.LSDLinkTests">
    <skipped/>
  </testcase> <!-- @AfterMethod tearDownAfterMethod -->
  <testcase name="@BeforeMethod initiateSoftAssertObject" time="0.0" classname="com.rf.test.website.LSD.LSDLinkTests">
    <skipped/>
  </testcase> <!-- @BeforeMethod initiateSoftAssertObject -->
  <testcase name="@AfterMethod tearDownAfterMethod" time="0.0" classname="com.rf.test.website.LSD.LSDLinkTests">
    <skipped/>
  </testcase> <!-- @AfterMethod tearDownAfterMethod -->
  <testcase name="@AfterClass afterLSDLinkLogout" time="0.0" classname="com.rf.test.website.LSD.LSDLinkTests">
    <skipped/>
  </testcase> <!-- @AfterClass afterLSDLinkLogout -->
  <testcase name="@AfterClass afterClass" time="0.0" classname="com.rf.test.website.LSD.LSDLinkTests">
    <skipped/>
  </testcase> <!-- @AfterClass afterClass -->
  <testcase name="@BeforeClass beforeClass" time="0.0" classname="com.rf.test.website.LSD.LSDTests">
    <skipped/>
  </testcase> <!-- @BeforeClass beforeClass -->
  <testcase name="@BeforeMethod initiateSoftAssertObject" time="0.0" classname="com.rf.test.website.LSD.LSDTests">
    <skipped/>
  </testcase> <!-- @BeforeMethod initiateSoftAssertObject -->
  <testcase name="@AfterMethod tearDownAfterMethod" time="0.0" classname="com.rf.test.website.LSD.LSDTests">
    <skipped/>
  </testcase> <!-- @AfterMethod tearDownAfterMethod -->
  <testcase name="@BeforeMethod initiateSoftAssertObject" time="0.0" classname="com.rf.test.website.LSD.LSDTests">
    <skipped/>
  </testcase> <!-- @BeforeMethod initiateSoftAssertObject -->
  <testcase name="@AfterMethod tearDownAfterMethod" time="0.0" classname="com.rf.test.website.LSD.LSDTests">
    <skipped/>
  </testcase> <!-- @AfterMethod tearDownAfterMethod -->
  <testcase name="@BeforeMethod initiateSoftAssertObject" time="0.0" classname="com.rf.test.website.LSD.LSDTests">
    <skipped/>
  </testcase> <!-- @BeforeMethod initiateSoftAssertObject -->
  <testcase name="@AfterMethod tearDownAfterMethod" time="0.0" classname="com.rf.test.website.LSD.LSDTests">
    <skipped/>
  </testcase> <!-- @AfterMethod tearDownAfterMethod -->
  <testcase name="@BeforeMethod initiateSoftAssertObject" time="0.0" classname="com.rf.test.website.LSD.LSDTests">
    <skipped/>
  </testcase> <!-- @BeforeMethod initiateSoftAssertObject -->
  <testcase name="@AfterMethod tearDownAfterMethod" time="0.0" classname="com.rf.test.website.LSD.LSDTests">
    <skipped/>
  </testcase> <!-- @AfterMethod tearDownAfterMethod -->
  <testcase name="@BeforeMethod initiateSoftAssertObject" time="0.0" classname="com.rf.test.website.LSD.LSDTests">
    <skipped/>
  </testcase> <!-- @BeforeMethod initiateSoftAssertObject -->
  <testcase name="@AfterMethod tearDownAfterMethod" time="0.0" classname="com.rf.test.website.LSD.LSDTests">
    <skipped/>
  </testcase> <!-- @AfterMethod tearDownAfterMethod -->
  <testcase name="@BeforeMethod initiateSoftAssertObject" time="0.0" classname="com.rf.test.website.LSD.LSDTests">
    <skipped/>
  </testcase> <!-- @BeforeMethod initiateSoftAssertObject -->
  <testcase name="@AfterMethod tearDownAfterMethod" time="0.0" classname="com.rf.test.website.LSD.LSDTests">
    <skipped/>
  </testcase> <!-- @AfterMethod tearDownAfterMethod -->
  <testcase name="@BeforeMethod initiateSoftAssertObject" time="0.0" classname="com.rf.test.website.LSD.LSDTests">
    <skipped/>
  </testcase> <!-- @BeforeMethod initiateSoftAssertObject -->
  <testcase name="@AfterMethod tearDownAfterMethod" time="0.0" classname="com.rf.test.website.LSD.LSDTests">
    <skipped/>
  </testcase> <!-- @AfterMethod tearDownAfterMethod -->
  <testcase name="@BeforeMethod initiateSoftAssertObject" time="0.0" classname="com.rf.test.website.LSD.LSDTests">
    <skipped/>
  </testcase> <!-- @BeforeMethod initiateSoftAssertObject -->
  <testcase name="@AfterMethod tearDownAfterMethod" time="0.0" classname="com.rf.test.website.LSD.LSDTests">
    <skipped/>
  </testcase> <!-- @AfterMethod tearDownAfterMethod -->
  <testcase name="@BeforeMethod initiateSoftAssertObject" time="0.0" classname="com.rf.test.website.LSD.LSDTests">
    <skipped/>
  </testcase> <!-- @BeforeMethod initiateSoftAssertObject -->
  <testcase name="@AfterMethod tearDownAfterMethod" time="0.0" classname="com.rf.test.website.LSD.LSDTests">
    <skipped/>
  </testcase> <!-- @AfterMethod tearDownAfterMethod -->
  <testcase name="@BeforeMethod initiateSoftAssertObject" time="0.0" classname="com.rf.test.website.LSD.LSDTests">
    <skipped/>
  </testcase> <!-- @BeforeMethod initiateSoftAssertObject -->
  <testcase name="@AfterMethod tearDownAfterMethod" time="0.0" classname="com.rf.test.website.LSD.LSDTests">
    <skipped/>
  </testcase> <!-- @AfterMethod tearDownAfterMethod -->
  <testcase name="@BeforeMethod initiateSoftAssertObject" time="0.0" classname="com.rf.test.website.LSD.LSDTests">
    <skipped/>
  </testcase> <!-- @BeforeMethod initiateSoftAssertObject -->
  <testcase name="@AfterMethod tearDownAfterMethod" time="0.0" classname="com.rf.test.website.LSD.LSDTests">
    <skipped/>
  </testcase> <!-- @AfterMethod tearDownAfterMethod -->
  <testcase name="@BeforeMethod initiateSoftAssertObject" time="0.0" classname="com.rf.test.website.LSD.LSDTests">
    <skipped/>
  </testcase> <!-- @BeforeMethod initiateSoftAssertObject -->
  <testcase name="@AfterMethod tearDownAfterMethod" time="0.0" classname="com.rf.test.website.LSD.LSDTests">
    <skipped/>
  </testcase> <!-- @AfterMethod tearDownAfterMethod -->
  <testcase name="@BeforeMethod initiateSoftAssertObject" time="0.0" classname="com.rf.test.website.LSD.LSDTests">
    <skipped/>
  </testcase> <!-- @BeforeMethod initiateSoftAssertObject -->
  <testcase name="@AfterMethod tearDownAfterMethod" time="0.0" classname="com.rf.test.website.LSD.LSDTests">
    <skipped/>
  </testcase> <!-- @AfterMethod tearDownAfterMethod -->
  <testcase name="@BeforeMethod initiateSoftAssertObject" time="0.0" classname="com.rf.test.website.LSD.LSDTests">
    <skipped/>
  </testcase> <!-- @BeforeMethod initiateSoftAssertObject -->
  <testcase name="@AfterMethod tearDownAfterMethod" time="0.0" classname="com.rf.test.website.LSD.LSDTests">
    <skipped/>
  </testcase> <!-- @AfterMethod tearDownAfterMethod -->
  <testcase name="@BeforeMethod initiateSoftAssertObject" time="0.0" classname="com.rf.test.website.LSD.LSDTests">
    <skipped/>
  </testcase> <!-- @BeforeMethod initiateSoftAssertObject -->
  <testcase name="@AfterMethod tearDownAfterMethod" time="0.0" classname="com.rf.test.website.LSD.LSDTests">
    <skipped/>
  </testcase> <!-- @AfterMethod tearDownAfterMethod -->
  <testcase name="@BeforeMethod initiateSoftAssertObject" time="0.0" classname="com.rf.test.website.LSD.LSDTests">
    <skipped/>
  </testcase> <!-- @BeforeMethod initiateSoftAssertObject -->
  <testcase name="@AfterMethod tearDownAfterMethod" time="0.0" classname="com.rf.test.website.LSD.LSDTests">
    <skipped/>
  </testcase> <!-- @AfterMethod tearDownAfterMethod -->
  <testcase name="@BeforeMethod initiateSoftAssertObject" time="0.0" classname="com.rf.test.website.LSD.LSDTests">
    <skipped/>
  </testcase> <!-- @BeforeMethod initiateSoftAssertObject -->
  <testcase name="@AfterMethod tearDownAfterMethod" time="0.0" classname="com.rf.test.website.LSD.LSDTests">
    <skipped/>
  </testcase> <!-- @AfterMethod tearDownAfterMethod -->
  <testcase name="@BeforeMethod initiateSoftAssertObject" time="0.0" classname="com.rf.test.website.LSD.LSDTests">
    <skipped/>
  </testcase> <!-- @BeforeMethod initiateSoftAssertObject -->
  <testcase name="@AfterMethod tearDownAfterMethod" time="0.0" classname="com.rf.test.website.LSD.LSDTests">
    <skipped/>
  </testcase> <!-- @AfterMethod tearDownAfterMethod -->
  <testcase name="@BeforeMethod initiateSoftAssertObject" time="0.0" classname="com.rf.test.website.LSD.LSDTests">
    <skipped/>
  </testcase> <!-- @BeforeMethod initiateSoftAssertObject -->
  <testcase name="@AfterMethod tearDownAfterMethod" time="0.0" classname="com.rf.test.website.LSD.LSDTests">
    <skipped/>
  </testcase> <!-- @AfterMethod tearDownAfterMethod -->
  <testcase name="@BeforeMethod initiateSoftAssertObject" time="0.0" classname="com.rf.test.website.LSD.LSDTests">
    <skipped/>
  </testcase> <!-- @BeforeMethod initiateSoftAssertObject -->
  <testcase name="@AfterMethod tearDownAfterMethod" time="0.0" classname="com.rf.test.website.LSD.LSDTests">
    <skipped/>
  </testcase> <!-- @AfterMethod tearDownAfterMethod -->
  <testcase name="@BeforeMethod initiateSoftAssertObject" time="0.0" classname="com.rf.test.website.LSD.LSDTests">
    <skipped/>
  </testcase> <!-- @BeforeMethod initiateSoftAssertObject -->
  <testcase name="@AfterMethod tearDownAfterMethod" time="0.0" classname="com.rf.test.website.LSD.LSDTests">
    <skipped/>
  </testcase> <!-- @AfterMethod tearDownAfterMethod -->
  <testcase name="@BeforeMethod initiateSoftAssertObject" time="0.0" classname="com.rf.test.website.LSD.LSDTests">
    <skipped/>
  </testcase> <!-- @BeforeMethod initiateSoftAssertObject -->
  <testcase name="@AfterMethod tearDownAfterMethod" time="0.0" classname="com.rf.test.website.LSD.LSDTests">
    <skipped/>
  </testcase> <!-- @AfterMethod tearDownAfterMethod -->
  <testcase name="@BeforeMethod initiateSoftAssertObject" time="0.0" classname="com.rf.test.website.LSD.LSDTests">
    <skipped/>
  </testcase> <!-- @BeforeMethod initiateSoftAssertObject -->
  <testcase name="@AfterMethod tearDownAfterMethod" time="0.0" classname="com.rf.test.website.LSD.LSDTests">
    <skipped/>
  </testcase> <!-- @AfterMethod tearDownAfterMethod -->
  <testcase name="@BeforeMethod initiateSoftAssertObject" time="0.0" classname="com.rf.test.website.LSD.LSDTests">
    <skipped/>
  </testcase> <!-- @BeforeMethod initiateSoftAssertObject -->
  <testcase name="@AfterMethod tearDownAfterMethod" time="0.0" classname="com.rf.test.website.LSD.LSDTests">
    <skipped/>
  </testcase> <!-- @AfterMethod tearDownAfterMethod -->
  <testcase name="@BeforeMethod initiateSoftAssertObject" time="0.0" classname="com.rf.test.website.LSD.LSDTests">
    <skipped/>
  </testcase> <!-- @BeforeMethod initiateSoftAssertObject -->
  <testcase name="@AfterMethod tearDownAfterMethod" time="0.0" classname="com.rf.test.website.LSD.LSDTests">
    <skipped/>
  </testcase> <!-- @AfterMethod tearDownAfterMethod -->
  <testcase name="@BeforeMethod initiateSoftAssertObject" time="0.0" classname="com.rf.test.website.LSD.LSDTests">
    <skipped/>
  </testcase> <!-- @BeforeMethod initiateSoftAssertObject -->
  <testcase name="@AfterMethod tearDownAfterMethod" time="0.0" classname="com.rf.test.website.LSD.LSDTests">
    <skipped/>
  </testcase> <!-- @AfterMethod tearDownAfterMethod -->
  <testcase name="@BeforeMethod initiateSoftAssertObject" time="0.0" classname="com.rf.test.website.LSD.LSDTests">
    <skipped/>
  </testcase> <!-- @BeforeMethod initiateSoftAssertObject -->
  <testcase name="@AfterMethod tearDownAfterMethod" time="0.0" classname="com.rf.test.website.LSD.LSDTests">
    <skipped/>
  </testcase> <!-- @AfterMethod tearDownAfterMethod -->
  <testcase name="@BeforeMethod initiateSoftAssertObject" time="0.0" classname="com.rf.test.website.LSD.LSDTests">
    <skipped/>
  </testcase> <!-- @BeforeMethod initiateSoftAssertObject -->
  <testcase name="@AfterMethod tearDownAfterMethod" time="0.0" classname="com.rf.test.website.LSD.LSDTests">
    <skipped/>
  </testcase> <!-- @AfterMethod tearDownAfterMethod -->
  <testcase name="@BeforeMethod initiateSoftAssertObject" time="0.0" classname="com.rf.test.website.LSD.LSDTests">
    <skipped/>
  </testcase> <!-- @BeforeMethod initiateSoftAssertObject -->
  <testcase name="@AfterMethod tearDownAfterMethod" time="0.0" classname="com.rf.test.website.LSD.LSDTests">
    <skipped/>
  </testcase> <!-- @AfterMethod tearDownAfterMethod -->
  <testcase name="@BeforeMethod initiateSoftAssertObject" time="0.0" classname="com.rf.test.website.LSD.LSDTests">
    <skipped/>
  </testcase> <!-- @BeforeMethod initiateSoftAssertObject -->
  <testcase name="@AfterMethod tearDownAfterMethod" time="0.0" classname="com.rf.test.website.LSD.LSDTests">
    <skipped/>
  </testcase> <!-- @AfterMethod tearDownAfterMethod -->
  <testcase name="@BeforeMethod initiateSoftAssertObject" time="0.0" classname="com.rf.test.website.LSD.LSDTests">
    <skipped/>
  </testcase> <!-- @BeforeMethod initiateSoftAssertObject -->
  <testcase name="@AfterMethod tearDownAfterMethod" time="0.0" classname="com.rf.test.website.LSD.LSDTests">
    <skipped/>
  </testcase> <!-- @AfterMethod tearDownAfterMethod -->
  <testcase name="@BeforeMethod initiateSoftAssertObject" time="0.0" classname="com.rf.test.website.LSD.LSDTests">
    <skipped/>
  </testcase> <!-- @BeforeMethod initiateSoftAssertObject -->
  <testcase name="@AfterMethod tearDownAfterMethod" time="0.0" classname="com.rf.test.website.LSD.LSDTests">
    <skipped/>
  </testcase> <!-- @AfterMethod tearDownAfterMethod -->
  <testcase name="@BeforeMethod initiateSoftAssertObject" time="0.0" classname="com.rf.test.website.LSD.LSDTests">
    <skipped/>
  </testcase> <!-- @BeforeMethod initiateSoftAssertObject -->
  <testcase name="@AfterMethod tearDownAfterMethod" time="0.0" classname="com.rf.test.website.LSD.LSDTests">
    <skipped/>
  </testcase> <!-- @AfterMethod tearDownAfterMethod -->
  <testcase name="@BeforeMethod initiateSoftAssertObject" time="0.0" classname="com.rf.test.website.LSD.LSDTests">
    <skipped/>
  </testcase> <!-- @BeforeMethod initiateSoftAssertObject -->
  <testcase name="@AfterMethod tearDownAfterMethod" time="0.0" classname="com.rf.test.website.LSD.LSDTests">
    <skipped/>
  </testcase> <!-- @AfterMethod tearDownAfterMethod -->
  <testcase name="@BeforeMethod initiateSoftAssertObject" time="0.0" classname="com.rf.test.website.LSD.LSDTests">
    <skipped/>
  </testcase> <!-- @BeforeMethod initiateSoftAssertObject -->
  <testcase name="@AfterMethod tearDownAfterMethod" time="0.0" classname="com.rf.test.website.LSD.LSDTests">
    <skipped/>
  </testcase> <!-- @AfterMethod tearDownAfterMethod -->
  <testcase name="@BeforeMethod initiateSoftAssertObject" time="0.0" classname="com.rf.test.website.LSD.LSDTests">
    <skipped/>
  </testcase> <!-- @BeforeMethod initiateSoftAssertObject -->
  <testcase name="@AfterMethod tearDownAfterMethod" time="0.0" classname="com.rf.test.website.LSD.LSDTests">
    <skipped/>
  </testcase> <!-- @AfterMethod tearDownAfterMethod -->
  <testcase name="@BeforeMethod initiateSoftAssertObject" time="0.0" classname="com.rf.test.website.LSD.LSDTests">
    <skipped/>
  </testcase> <!-- @BeforeMethod initiateSoftAssertObject -->
  <testcase name="@AfterMethod tearDownAfterMethod" time="0.0" classname="com.rf.test.website.LSD.LSDTests">
    <skipped/>
  </testcase> <!-- @AfterMethod tearDownAfterMethod -->
  <testcase name="@BeforeMethod initiateSoftAssertObject" time="0.0" classname="com.rf.test.website.LSD.LSDTests">
    <skipped/>
  </testcase> <!-- @BeforeMethod initiateSoftAssertObject -->
  <testcase name="@AfterMethod tearDownAfterMethod" time="0.0" classname="com.rf.test.website.LSD.LSDTests">
    <skipped/>
  </testcase> <!-- @AfterMethod tearDownAfterMethod -->
  <testcase name="@BeforeMethod initiateSoftAssertObject" time="0.0" classname="com.rf.test.website.LSD.LSDTests">
    <skipped/>
  </testcase> <!-- @BeforeMethod initiateSoftAssertObject -->
  <testcase name="@AfterMethod tearDownAfterMethod" time="0.0" classname="com.rf.test.website.LSD.LSDTests">
    <skipped/>
  </testcase> <!-- @AfterMethod tearDownAfterMethod -->
  <testcase name="@BeforeMethod initiateSoftAssertObject" time="0.0" classname="com.rf.test.website.LSD.LSDTests">
    <skipped/>
  </testcase> <!-- @BeforeMethod initiateSoftAssertObject -->
  <testcase name="@AfterMethod tearDownAfterMethod" time="0.0" classname="com.rf.test.website.LSD.LSDTests">
    <skipped/>
  </testcase> <!-- @AfterMethod tearDownAfterMethod -->
  <testcase name="@BeforeMethod initiateSoftAssertObject" time="0.0" classname="com.rf.test.website.LSD.LSDTests">
    <skipped/>
  </testcase> <!-- @BeforeMethod initiateSoftAssertObject -->
  <testcase name="@AfterMethod tearDownAfterMethod" time="0.0" classname="com.rf.test.website.LSD.LSDTests">
    <skipped/>
  </testcase> <!-- @AfterMethod tearDownAfterMethod -->
  <testcase name="@BeforeMethod initiateSoftAssertObject" time="0.0" classname="com.rf.test.website.LSD.LSDTests">
    <skipped/>
  </testcase> <!-- @BeforeMethod initiateSoftAssertObject -->
  <testcase name="@AfterMethod tearDownAfterMethod" time="0.0" classname="com.rf.test.website.LSD.LSDTests">
    <skipped/>
  </testcase> <!-- @AfterMethod tearDownAfterMethod -->
  <testcase name="@BeforeMethod initiateSoftAssertObject" time="0.0" classname="com.rf.test.website.LSD.LSDTests">
    <skipped/>
  </testcase> <!-- @BeforeMethod initiateSoftAssertObject -->
  <testcase name="@AfterMethod tearDownAfterMethod" time="0.0" classname="com.rf.test.website.LSD.LSDTests">
    <skipped/>
  </testcase> <!-- @AfterMethod tearDownAfterMethod -->
  <testcase name="@BeforeMethod initiateSoftAssertObject" time="0.0" classname="com.rf.test.website.LSD.LSDTests">
    <skipped/>
  </testcase> <!-- @BeforeMethod initiateSoftAssertObject -->
  <testcase name="@AfterMethod tearDownAfterMethod" time="0.0" classname="com.rf.test.website.LSD.LSDTests">
    <skipped/>
  </testcase> <!-- @AfterMethod tearDownAfterMethod -->
  <testcase name="@AfterClass afterClass" time="0.0" classname="com.rf.test.website.LSD.LSDTests">
    <skipped/>
  </testcase> <!-- @AfterClass afterClass -->
  <testcase name="@BeforeClass beforeClass" time="0.0" classname="com.rf.test.website.LSD.LSDCustomerTests">
    <skipped/>
  </testcase> <!-- @BeforeClass beforeClass -->
  <testcase name="@BeforeMethod initiateSoftAssertObject" time="0.0" classname="com.rf.test.website.LSD.LSDCustomerTests">
    <skipped/>
  </testcase> <!-- @BeforeMethod initiateSoftAssertObject -->
  <testcase name="@AfterMethod tearDownAfterMethod" time="0.0" classname="com.rf.test.website.LSD.LSDCustomerTests">
    <skipped/>
  </testcase> <!-- @AfterMethod tearDownAfterMethod -->
  <testcase name="@BeforeMethod initiateSoftAssertObject" time="0.0" classname="com.rf.test.website.LSD.LSDCustomerTests">
    <skipped/>
  </testcase> <!-- @BeforeMethod initiateSoftAssertObject -->
  <testcase name="@AfterMethod tearDownAfterMethod" time="0.0" classname="com.rf.test.website.LSD.LSDCustomerTests">
    <skipped/>
  </testcase> <!-- @AfterMethod tearDownAfterMethod -->
  <testcase name="@BeforeMethod initiateSoftAssertObject" time="0.0" classname="com.rf.test.website.LSD.LSDCustomerTests">
    <skipped/>
  </testcase> <!-- @BeforeMethod initiateSoftAssertObject -->
  <testcase name="@AfterMethod tearDownAfterMethod" time="0.0" classname="com.rf.test.website.LSD.LSDCustomerTests">
    <skipped/>
  </testcase> <!-- @AfterMethod tearDownAfterMethod -->
  <testcase name="@BeforeMethod initiateSoftAssertObject" time="0.0" classname="com.rf.test.website.LSD.LSDCustomerTests">
    <skipped/>
  </testcase> <!-- @BeforeMethod initiateSoftAssertObject -->
  <testcase name="@AfterMethod tearDownAfterMethod" time="0.0" classname="com.rf.test.website.LSD.LSDCustomerTests">
    <skipped/>
  </testcase> <!-- @AfterMethod tearDownAfterMethod -->
  <testcase name="@BeforeMethod initiateSoftAssertObject" time="0.0" classname="com.rf.test.website.LSD.LSDCustomerTests">
    <skipped/>
  </testcase> <!-- @BeforeMethod initiateSoftAssertObject -->
  <testcase name="@AfterMethod tearDownAfterMethod" time="0.0" classname="com.rf.test.website.LSD.LSDCustomerTests">
    <skipped/>
  </testcase> <!-- @AfterMethod tearDownAfterMethod -->
  <testcase name="@BeforeMethod initiateSoftAssertObject" time="0.0" classname="com.rf.test.website.LSD.LSDCustomerTests">
    <skipped/>
  </testcase> <!-- @BeforeMethod initiateSoftAssertObject -->
  <testcase name="@AfterMethod tearDownAfterMethod" time="0.0" classname="com.rf.test.website.LSD.LSDCustomerTests">
    <skipped/>
  </testcase> <!-- @AfterMethod tearDownAfterMethod -->
  <testcase name="@BeforeMethod initiateSoftAssertObject" time="0.0" classname="com.rf.test.website.LSD.LSDCustomerTests">
    <skipped/>
  </testcase> <!-- @BeforeMethod initiateSoftAssertObject -->
  <testcase name="@AfterMethod tearDownAfterMethod" time="0.0" classname="com.rf.test.website.LSD.LSDCustomerTests">
    <skipped/>
  </testcase> <!-- @AfterMethod tearDownAfterMethod -->
  <testcase name="@AfterClass afterClass" time="0.0" classname="com.rf.test.website.LSD.LSDCustomerTests">
    <skipped/>
  </testcase> <!-- @AfterClass afterClass -->
  <testcase name="@BeforeClass beforeClass" time="0.0" classname="com.rf.test.website.LSD.LSDOrdersTests">
    <skipped/>
  </testcase> <!-- @BeforeClass beforeClass -->
  <testcase name="@BeforeMethod initiateSoftAssertObject" time="0.0" classname="com.rf.test.website.LSD.LSDOrdersTests">
    <skipped/>
  </testcase> <!-- @BeforeMethod initiateSoftAssertObject -->
  <testcase name="@AfterMethod tearDownAfterMethod" time="0.0" classname="com.rf.test.website.LSD.LSDOrdersTests">
    <skipped/>
  </testcase> <!-- @AfterMethod tearDownAfterMethod -->
  <testcase name="@BeforeMethod initiateSoftAssertObject" time="0.0" classname="com.rf.test.website.LSD.LSDOrdersTests">
    <skipped/>
  </testcase> <!-- @BeforeMethod initiateSoftAssertObject -->
  <testcase name="@AfterMethod tearDownAfterMethod" time="0.0" classname="com.rf.test.website.LSD.LSDOrdersTests">
    <skipped/>
  </testcase> <!-- @AfterMethod tearDownAfterMethod -->
  <testcase name="@BeforeMethod initiateSoftAssertObject" time="0.0" classname="com.rf.test.website.LSD.LSDOrdersTests">
    <skipped/>
  </testcase> <!-- @BeforeMethod initiateSoftAssertObject -->
  <testcase name="@AfterMethod tearDownAfterMethod" time="0.0" classname="com.rf.test.website.LSD.LSDOrdersTests">
    <skipped/>
  </testcase> <!-- @AfterMethod tearDownAfterMethod -->
  <testcase name="@BeforeMethod initiateSoftAssertObject" time="0.0" classname="com.rf.test.website.LSD.LSDOrdersTests">
    <skipped/>
  </testcase> <!-- @BeforeMethod initiateSoftAssertObject -->
  <testcase name="@AfterMethod tearDownAfterMethod" time="0.0" classname="com.rf.test.website.LSD.LSDOrdersTests">
    <skipped/>
  </testcase> <!-- @AfterMethod tearDownAfterMethod -->
  <testcase name="@BeforeMethod initiateSoftAssertObject" time="0.0" classname="com.rf.test.website.LSD.LSDOrdersTests">
    <skipped/>
  </testcase> <!-- @BeforeMethod initiateSoftAssertObject -->
  <testcase name="@AfterMethod tearDownAfterMethod" time="0.0" classname="com.rf.test.website.LSD.LSDOrdersTests">
    <skipped/>
  </testcase> <!-- @AfterMethod tearDownAfterMethod -->
  <testcase name="@BeforeMethod initiateSoftAssertObject" time="0.0" classname="com.rf.test.website.LSD.LSDOrdersTests">
    <skipped/>
  </testcase> <!-- @BeforeMethod initiateSoftAssertObject -->
  <testcase name="@AfterMethod tearDownAfterMethod" time="0.0" classname="com.rf.test.website.LSD.LSDOrdersTests">
    <skipped/>
  </testcase> <!-- @AfterMethod tearDownAfterMethod -->
  <testcase name="@BeforeMethod initiateSoftAssertObject" time="0.0" classname="com.rf.test.website.LSD.LSDOrdersTests">
    <skipped/>
  </testcase> <!-- @BeforeMethod initiateSoftAssertObject -->
  <testcase name="@AfterMethod tearDownAfterMethod" time="0.0" classname="com.rf.test.website.LSD.LSDOrdersTests">
    <skipped/>
  </testcase> <!-- @AfterMethod tearDownAfterMethod -->
  <testcase name="@BeforeMethod initiateSoftAssertObject" time="0.0" classname="com.rf.test.website.LSD.LSDOrdersTests">
    <skipped/>
  </testcase> <!-- @BeforeMethod initiateSoftAssertObject -->
  <testcase name="@AfterMethod tearDownAfterMethod" time="0.0" classname="com.rf.test.website.LSD.LSDOrdersTests">
    <skipped/>
  </testcase> <!-- @AfterMethod tearDownAfterMethod -->
  <testcase name="@BeforeMethod initiateSoftAssertObject" time="0.0" classname="com.rf.test.website.LSD.LSDOrdersTests">
    <skipped/>
  </testcase> <!-- @BeforeMethod initiateSoftAssertObject -->
  <testcase name="@AfterMethod tearDownAfterMethod" time="0.0" classname="com.rf.test.website.LSD.LSDOrdersTests">
    <skipped/>
  </testcase> <!-- @AfterMethod tearDownAfterMethod -->
  <testcase name="@BeforeMethod initiateSoftAssertObject" time="0.0" classname="com.rf.test.website.LSD.LSDOrdersTests">
    <skipped/>
  </testcase> <!-- @BeforeMethod initiateSoftAssertObject -->
  <testcase name="@AfterMethod tearDownAfterMethod" time="0.0" classname="com.rf.test.website.LSD.LSDOrdersTests">
    <skipped/>
  </testcase> <!-- @AfterMethod tearDownAfterMethod -->
  <testcase name="@BeforeMethod initiateSoftAssertObject" time="0.0" classname="com.rf.test.website.LSD.LSDOrdersTests">
    <skipped/>
  </testcase> <!-- @BeforeMethod initiateSoftAssertObject -->
  <testcase name="@AfterMethod tearDownAfterMethod" time="0.0" classname="com.rf.test.website.LSD.LSDOrdersTests">
    <skipped/>
  </testcase> <!-- @AfterMethod tearDownAfterMethod -->
  <testcase name="@AfterClass afterLSDOrderLogout" time="0.0" classname="com.rf.test.website.LSD.LSDOrdersTests">
    <skipped/>
  </testcase> <!-- @AfterClass afterLSDOrderLogout -->
  <testcase name="@AfterClass afterClass" time="0.0" classname="com.rf.test.website.LSD.LSDOrdersTests">
    <skipped/>
  </testcase> <!-- @AfterClass afterClass -->
  <testcase name="@BeforeClass beforeClass" time="0.0" classname="com.rf.test.website.LSD.LSDTeamTests">
    <skipped/>
  </testcase> <!-- @BeforeClass beforeClass -->
  <testcase name="@BeforeMethod initiateSoftAssertObject" time="0.0" classname="com.rf.test.website.LSD.LSDTeamTests">
    <skipped/>
  </testcase> <!-- @BeforeMethod initiateSoftAssertObject -->
  <testcase name="@AfterMethod tearDownAfterMethod" time="0.0" classname="com.rf.test.website.LSD.LSDTeamTests">
    <skipped/>
  </testcase> <!-- @AfterMethod tearDownAfterMethod -->
  <testcase name="@AfterClass afterLSDTeamLogout" time="0.0" classname="com.rf.test.website.LSD.LSDTeamTests">
    <skipped/>
  </testcase> <!-- @AfterClass afterLSDTeamLogout -->
  <testcase name="@AfterClass afterClass" time="0.0" classname="com.rf.test.website.LSD.LSDTeamTests">
    <skipped/>
  </testcase> <!-- @AfterClass afterClass -->
  <testcase name="testConsultantCardComponents_2876q" time="0.148" classname="com.rf.test.website.LSD.LSDLinkTests">
    <skipped/>
  </testcase> <!-- testConsultantCardComponents_2876q -->
  <testcase name="testFAQNavigation_2953q" time="0.005" classname="com.rf.test.website.LSD.LSDLinkTests">
    <skipped/>
  </testcase> <!-- testFAQNavigation_2953q -->
  <testcase name="testMainMenuLinks_2631q" time="0.003" classname="com.rf.test.website.LSD.LSDLinkTests">
    <skipped/>
  </testcase> <!-- testMainMenuLinks_2631q -->
  <testcase name="testSortingMenuForViewAllConsultants_3328q" time="0.003" classname="com.rf.test.website.LSD.LSDLinkTests">
    <skipped/>
  </testcase> <!-- testSortingMenuForViewAllConsultants_3328q -->
  <testcase name="testVerifyTabsWith6Level_3238q" time="0.004" classname="com.rf.test.website.LSD.LSDLinkTests">
    <skipped/>
  </testcase> <!-- testVerifyTabsWith6Level_3238q -->
  <testcase name="testVerifyLeadTheWayLink_1455q" time="0.003" classname="com.rf.test.website.LSD.LSDLinkTests">
    <skipped/>
  </testcase> <!-- testVerifyLeadTheWayLink_1455q -->
  <testcase name="testVerifyRFConnectionLink_1456q" time="0.013" classname="com.rf.test.website.LSD.LSDLinkTests">
    <skipped/>
  </testcase> <!-- testVerifyRFConnectionLink_1456q -->
  <testcase name="testVerifyRFJourneyLink_1457q" time="0.004" classname="com.rf.test.website.LSD.LSDLinkTests">
    <skipped/>
  </testcase> <!-- testVerifyRFJourneyLink_1457q -->
  <testcase name="testVerifyRFMallLink_1458q" time="0.003" classname="com.rf.test.website.LSD.LSDLinkTests">
    <skipped/>
  </testcase> <!-- testVerifyRFMallLink_1458q -->
  <testcase name="testVerifyRFPaydayLink_1459q" time="0.003" classname="com.rf.test.website.LSD.LSDLinkTests">
    <skipped/>
  </testcase> <!-- testVerifyRFPaydayLink_1459q -->
  <testcase name="testVerifyLinkCommsCorner_1447q" time="0.004" classname="com.rf.test.website.LSD.LSDLinkTests">
    <skipped/>
  </testcase> <!-- testVerifyLinkCommsCorner_1447q -->
  <testcase name="testVerifyLinkConsultantLEDEvents_1448" time="0.004" classname="com.rf.test.website.LSD.LSDLinkTests">
    <skipped/>
  </testcase> <!-- testVerifyLinkConsultantLEDEvents_1448 -->
  <testcase name="testVerifyLinkCorporateEvents_1449q" time="0.003" classname="com.rf.test.website.LSD.LSDLinkTests">
    <skipped/>
  </testcase> <!-- testVerifyLinkCorporateEvents_1449q -->
  <testcase name="testVerifyLinkGettingStarted_1450q" time="0.007" classname="com.rf.test.website.LSD.LSDLinkTests">
    <skipped/>
  </testcase> <!-- testVerifyLinkGettingStarted_1450q -->
  <testcase name="test2InitialIcon_2547q" time="0.005" classname="com.rf.test.website.LSD.LSDTests">
    <skipped/>
  </testcase> <!-- test2InitialIcon_2547q -->
  <testcase name="testCRPAutoshipProcessedInPastForThismonth_2522q" time="0.006" classname="com.rf.test.website.LSD.LSDTests">
    <skipped/>
  </testcase> <!-- testCRPAutoshipProcessedInPastForThismonth_2522q -->
  <testcase name="testColorOfPSQVValueAndPSQVRingEqualsTo0_2470q" time="0.005" classname="com.rf.test.website.LSD.LSDTests">
    <skipped/>
  </testcase> <!-- testColorOfPSQVValueAndPSQVRingEqualsTo0_2470q -->
  <testcase name="testColorOfPSQVValueAndPSQVRingGreaterThan600_3128q" time="0.004" classname="com.rf.test.website.LSD.LSDTests">
    <skipped/>
  </testcase> <!-- testColorOfPSQVValueAndPSQVRingGreaterThan600_3128q -->
  <testcase name="testColorOfPSQVValueAndPSQVRingLessThan600_3127q" time="0.003" classname="com.rf.test.website.LSD.LSDTests">
    <skipped/>
  </testcase> <!-- testColorOfPSQVValueAndPSQVRingLessThan600_3127q -->
  <testcase name="testColorOfSVValueAndSVRingForEqualsTo0_2469q" time="0.004" classname="com.rf.test.website.LSD.LSDTests">
    <skipped/>
  </testcase> <!-- testColorOfSVValueAndSVRingForEqualsTo0_2469q -->
  <testcase name="testColorOfSVValueAndSVRingGreaterThan100_3125q" time="0.004" classname="com.rf.test.website.LSD.LSDTests">
    <skipped/>
  </testcase> <!-- testColorOfSVValueAndSVRingGreaterThan100_3125q -->
  <testcase name="testColorOfSVValueAndSVRingLessThan100_3126q" time="0.007" classname="com.rf.test.website.LSD.LSDTests">
    <skipped/>
  </testcase> <!-- testColorOfSVValueAndSVRingLessThan100_3126q -->
  <testcase name="testConsultantOverviewDetails_2420q" time="0.004" classname="com.rf.test.website.LSD.LSDTests">
    <skipped/>
  </testcase> <!-- testConsultantOverviewDetails_2420q -->
  <testcase name="testConsultantsOnMyLevel1Value_2539q" time="0.004" classname="com.rf.test.website.LSD.LSDTests">
    <skipped/>
  </testcase> <!-- testConsultantsOnMyLevel1Value_2539q -->
  <testcase name="testCurrentProgressEstSVValue_2467q" time="0.006" classname="com.rf.test.website.LSD.LSDTests">
    <skipped/>
  </testcase> <!-- testCurrentProgressEstSVValue_2467q -->
  <testcase name="testDeactivatedPCCardDetails_2988q" time="0.007" classname="com.rf.test.website.LSD.LSDTests">
    <skipped/>
  </testcase> <!-- testDeactivatedPCCardDetails_2988q -->
  <testcase name="testDownlineReportLink_2561q" time="0.005" classname="com.rf.test.website.LSD.LSDTests">
    <skipped/>
  </testcase> <!-- testDownlineReportLink_2561q -->
  <testcase name="testECLegsValue_2476q" time="0.016" classname="com.rf.test.website.LSD.LSDTests">
    <skipped/>
  </testcase> <!-- testECLegsValue_2476q -->
  <testcase name="testEarningsStatementsReportLink_2562q" time="0.006" classname="com.rf.test.website.LSD.LSDTests">
    <skipped/>
  </testcase> <!-- testEarningsStatementsReportLink_2562q -->
  <testcase name="testEnrollmentDate_2545q_2626q" time="0.004" classname="com.rf.test.website.LSD.LSDTests">
    <skipped/>
  </testcase> <!-- testEnrollmentDate_2545q_2626q -->
  <testcase name="testEnrollmentSponsor_2535q" time="0.004" classname="com.rf.test.website.LSD.LSDTests">
    <skipped/>
  </testcase> <!-- testEnrollmentSponsor_2535q -->
  <testcase name="testEstPSQVValue_2468q" time="0.004" classname="com.rf.test.website.LSD.LSDTests">
    <skipped/>
  </testcase> <!-- testEstPSQVValue_2468q -->
  <testcase name="testFullNameFromCard_2634q" time="0.002" classname="com.rf.test.website.LSD.LSDTests">
    <skipped/>
  </testcase> <!-- testFullNameFromCard_2634q -->
  <testcase name="testGreetingAndFirstName_2546q" time="0.005" classname="com.rf.test.website.LSD.LSDTests">
    <skipped/>
  </testcase> <!-- testGreetingAndFirstName_2546q -->
  <testcase name="testL1L2QualifyingVolumeValue_2418q" time="0.003" classname="com.rf.test.website.LSD.LSDTests">
    <skipped/>
  </testcase> <!-- testL1L2QualifyingVolumeValue_2418q -->
  <testcase name="testL1L2QualifyingVolumeValue_2541q" time="0.004" classname="com.rf.test.website.LSD.LSDTests">
    <skipped/>
  </testcase> <!-- testL1L2QualifyingVolumeValue_2541q -->
  <testcase name="testL1L6QualifyingVolumeValue_2419q" time="0.004" classname="com.rf.test.website.LSD.LSDTests">
    <skipped/>
  </testcase> <!-- testL1L6QualifyingVolumeValue_2419q -->
  <testcase name="testL1L6QualifyingVolumeValue_2542q" time="0.003" classname="com.rf.test.website.LSD.LSDTests">
    <skipped/>
  </testcase> <!-- testL1L6QualifyingVolumeValue_2542q -->
  <testcase name="testPCAutoshipsThisMonthValue_2537q" time="0.003" classname="com.rf.test.website.LSD.LSDTests">
    <skipped/>
  </testcase> <!-- testPCAutoshipsThisMonthValue_2537q -->
  <testcase name="testPCWithOrdersValue_2536q" time="0.003" classname="com.rf.test.website.LSD.LSDTests">
    <skipped/>
  </testcase> <!-- testPCWithOrdersValue_2536q -->
  <testcase name="testPSQVValueFromCard_2635q" time="0.003" classname="com.rf.test.website.LSD.LSDTests">
    <skipped/>
  </testcase> <!-- testPSQVValueFromCard_2635q -->
  <testcase name="testPSQVValue_2395q" time="0.004" classname="com.rf.test.website.LSD.LSDTests">
    <skipped/>
  </testcase> <!-- testPSQVValue_2395q -->
  <testcase name="testPendingPCAutoships_3017q" time="0.003" classname="com.rf.test.website.LSD.LSDTests">
    <skipped/>
  </testcase> <!-- testPendingPCAutoships_3017q -->
  <testcase name="testPendingPCAutoships_3017q_3353q" time="0.003" classname="com.rf.test.website.LSD.LSDTests">
    <skipped/>
  </testcase> <!-- testPendingPCAutoships_3017q_3353q -->
  <testcase name="testPerformanceSponsorDetails_2534q" time="0.005" classname="com.rf.test.website.LSD.LSDTests">
    <skipped/>
  </testcase> <!-- testPerformanceSponsorDetails_2534q -->
  <testcase name="testProcessedPCAutoships_3015q_3351q" time="0.002" classname="com.rf.test.website.LSD.LSDTests">
    <skipped/>
  </testcase> <!-- testProcessedPCAutoships_3015q_3351q -->
  <testcase name="testPulseProAutoshipProcessedInPastForThisMonth_2530q_2529q" time="0.002" classname="com.rf.test.website.LSD.LSDTests">
    <skipped/>
  </testcase> <!-- testPulseProAutoshipProcessedInPastForThisMonth_2530q_2529q -->
  <testcase name="testQualificationTitleC_3217q" time="0.002" classname="com.rf.test.website.LSD.LSDTests">
    <skipped/>
  </testcase> <!-- testQualificationTitleC_3217q -->
  <testcase name="testQualificationTitleEC_3218q" time="0.002" classname="com.rf.test.website.LSD.LSDTests">
    <skipped/>
  </testcase> <!-- testQualificationTitleEC_3218q -->
  <testcase name="testSVValueFromCard_2634q" time="0.004" classname="com.rf.test.website.LSD.LSDTests">
    <skipped/>
  </testcase> <!-- testSVValueFromCard_2634q -->
  <testcase name="testSVValue_2394q" time="0.003" classname="com.rf.test.website.LSD.LSDTests">
    <skipped/>
  </testcase> <!-- testSVValue_2394q -->
  <testcase name="testSolutionToolReportLink_2563q" time="0.003" classname="com.rf.test.website.LSD.LSDTests">
    <skipped/>
  </testcase> <!-- testSolutionToolReportLink_2563q -->
  <testcase name="testTitleHistoryPage_2479q" time="0.007" classname="com.rf.test.website.LSD.LSDTests">
    <skipped/>
  </testcase> <!-- testTitleHistoryPage_2479q -->
  <testcase name="testUpcomingOrdersPendingAutoships_2531q" time="0.002" classname="com.rf.test.website.LSD.LSDTests">
    <skipped/>
  </testcase> <!-- testUpcomingOrdersPendingAutoships_2531q -->
  <testcase name="testVerifyRFLinkForLevelECIVOrMore_2956q" time="0.002" classname="com.rf.test.website.LSD.LSDTests">
    <skipped/>
  </testcase> <!-- testVerifyRFLinkForLevelECIVOrMore_2956q -->
  <testcase name="testVerifyRFLinkForPaidAsTitleLevelECIIIOrLess_3103q" time="0.003" classname="com.rf.test.website.LSD.LSDTests">
    <skipped/>
  </testcase> <!-- testVerifyRFLinkForPaidAsTitleLevelECIIIOrLess_3103q -->
  <testcase name="testViewPastOrderDetails_2895q" time="0.002" classname="com.rf.test.website.LSD.LSDTests">
    <skipped/>
  </testcase> <!-- testViewPastOrderDetails_2895q -->
  <testcase name="testVitalSignsPageNavigation_2560q" time="0.002" classname="com.rf.test.website.LSD.LSDTests">
    <skipped/>
  </testcase> <!-- testVitalSignsPageNavigation_2560q -->
  <testcase name="TotalNumberOfAllPCs_3349q" time="0.002" classname="com.rf.test.website.LSD.LSDCustomerTests">
    <skipped/>
  </testcase> <!-- TotalNumberOfAllPCs_3349q -->
  <testcase name="testPCCardComponents_3240q" time="0.002" classname="com.rf.test.website.LSD.LSDCustomerTests">
    <skipped/>
  </testcase> <!-- testPCCardComponents_3240q -->
  <testcase name="testSortingByQVLowTohigh_3011q" time="0.001" classname="com.rf.test.website.LSD.LSDCustomerTests">
    <skipped/>
  </testcase> <!-- testSortingByQVLowTohigh_3011q -->
  <testcase name="testSortingMenuForNextMonth_2999q" time="0.002" classname="com.rf.test.website.LSD.LSDCustomerTests">
    <skipped/>
  </testcase> <!-- testSortingMenuForNextMonth_2999q -->
  <testcase name="testSortingMenuForThisMonth_3000q" time="0.002" classname="com.rf.test.website.LSD.LSDCustomerTests">
    <skipped/>
  </testcase> <!-- testSortingMenuForThisMonth_3000q -->
  <testcase name="testTotalNumberOfDeactivatedPCs_2985q" time="0.001" classname="com.rf.test.website.LSD.LSDCustomerTests">
    <skipped/>
  </testcase> <!-- testTotalNumberOfDeactivatedPCs_2985q -->
  <testcase name="testTotalNumberOfPCsThisMonth_3013q" time="0.002" classname="com.rf.test.website.LSD.LSDCustomerTests">
    <skipped/>
  </testcase> <!-- testTotalNumberOfPCsThisMonth_3013q -->
  <testcase name="testConsultantAdhocOrderDetailsOnOrderCards_2848q" time="0.001" classname="com.rf.test.website.LSD.LSDOrdersTests">
    <skipped/>
  </testcase> <!-- testConsultantAdhocOrderDetailsOnOrderCards_2848q -->
  <testcase name="testLoadingOrdersScreen_2821q_2820q" time="0.001" classname="com.rf.test.website.LSD.LSDOrdersTests">
    <skipped/>
  </testcase> <!-- testLoadingOrdersScreen_2821q_2820q -->
  <testcase name="testOrderStatusOrderResultsBasedOnOrderFilter_2835q" time="0.002" classname="com.rf.test.website.LSD.LSDOrdersTests">
    <skipped/>
  </testcase> <!-- testOrderStatusOrderResultsBasedOnOrderFilter_2835q -->
  <testcase name="testOrderTypeOrderResultsBasedOnOrderFilter_2834q" time="0.002" classname="com.rf.test.website.LSD.LSDOrdersTests">
    <skipped/>
  </testcase> <!-- testOrderTypeOrderResultsBasedOnOrderFilter_2834q -->
  <testcase name="testPCAdhocOrderDetailsOnOrderCards_2844q" time="0.002" classname="com.rf.test.website.LSD.LSDOrdersTests">
    <skipped/>
  </testcase> <!-- testPCAdhocOrderDetailsOnOrderCards_2844q -->
  <testcase name="testPulseSubscriptionOrderDetailsOnOrderCards_2843q" time="0.002" classname="com.rf.test.website.LSD.LSDOrdersTests">
    <skipped/>
  </testcase> <!-- testPulseSubscriptionOrderDetailsOnOrderCards_2843q -->
  <testcase name="testRetailAdhocOrderDetailsOnOrderCards_2841q" time="0.003" classname="com.rf.test.website.LSD.LSDOrdersTests">
    <skipped/>
  </testcase> <!-- testRetailAdhocOrderDetailsOnOrderCards_2841q -->
  <testcase name="testVerifyCRPOrderDetailsOnOrderCards_2838q" time="0.002" classname="com.rf.test.website.LSD.LSDOrdersTests">
    <skipped/>
  </testcase> <!-- testVerifyCRPOrderDetailsOnOrderCards_2838q -->
  <testcase name="testVerifyCRPOrderDetailsWithConsultantPersonalOnOrderCards_2855q" time="0.003" classname="com.rf.test.website.LSD.LSDOrdersTests">
    <skipped/>
  </testcase> <!-- testVerifyCRPOrderDetailsWithConsultantPersonalOnOrderCards_2855q -->
  <testcase name="testVerifyOrderReceiptForFailedPCOrders_3430q" time="0.002" classname="com.rf.test.website.LSD.LSDOrdersTests">
    <skipped/>
  </testcase> <!-- testVerifyOrderReceiptForFailedPCOrders_3430q -->
  <testcase name="testVerifyOrderReceiptForProcessedPersonalAdhocOrders_3425q" time="0.002" classname="com.rf.test.website.LSD.LSDOrdersTests">
    <skipped/>
  </testcase> <!-- testVerifyOrderReceiptForProcessedPersonalAdhocOrders_3425q -->
  <testcase name="testSortingMenuForNewConsultant_3329q" time="0.005" classname="com.rf.test.website.LSD.LSDTeamTests">
    <skipped/>
  </testcase> <!-- testSortingMenuForNewConsultant_3329q -->
</testsuite> <!-- pulseRegressionTest -->
