<?xml version="1.0" encoding="UTF-8"?>
<!-- Generated by org.testng.reporters.JUnitXMLReporter -->
<testsuite hostname="LD-4V2P3G2" name="Default test" tests="9" failures="0" timestamp="21 Mar 2018 22:22:07 GMT" time="147.367" errors="0">
  <testcase name="testVerifyLeadTheWayLink_1455q" time="9.991" classname="com.rf.test.website.LSD.LSDLinkTests"/>
  <testcase name="testVerifyRFConnectionLink_1456q" time="6.441" classname="com.rf.test.website.LSD.LSDLinkTests"/>
  <testcase name="testVerifyRFJourneyLink_1457q" time="6.344" classname="com.rf.test.website.LSD.LSDLinkTests"/>
  <testcase name="testVerifyRFMallLink_1458q" time="6.328" classname="com.rf.test.website.LSD.LSDLinkTests"/>
  <testcase name="testVerifyRFPaydayLink_1459q" time="6.292" classname="com.rf.test.website.LSD.LSDLinkTests"/>
  <testcase name="testVerifyLinkCommsCorner_1447q" time="6.275" classname="com.rf.test.website.LSD.LSDLinkTests"/>
  <testcase name="testVerifyLinkConsultantLEDEvents_1448" time="7.305" classname="com.rf.test.website.LSD.LSDLinkTests"/>
  <testcase name="testVerifyLinkCorporateEvents_1449q" time="12.477" classname="com.rf.test.website.LSD.LSDLinkTests"/>
  <testcase name="testVerifyLinkGettingStarted_1450q" time="7.31" classname="com.rf.test.website.LSD.LSDLinkTests"/>
</testsuite> <!-- Default test -->
