<?xml version="1.0" encoding="UTF-8"?>
<!-- Generated by org.testng.reporters.JUnitXMLReporter -->
<testsuite hostname="LD-4V2P3G2" name="Default test" tests="1" failures="0" timestamp="28 Feb 2018 01:09:33 GMT" time="15.159" errors="0">
  <testcase name="@BeforeClass beforeClass" time="0.0" classname="com.rf.test.website.LSD.LSDCustomerTests">
    <failure type="org.springframework.jdbc.CannotGetJdbcConnectionException" message="Could not get JDBC Connection; nested exception is com.microsoft.sqlserver.jdbc.SQLServerException: Cannot open database &amp;quot;null&amp;quot; requested by the login. The login failed.">
      <![CDATA[org.springframework.jdbc.CannotGetJdbcConnectionException: Could not get JDBC Connection; nested exception is com.microsoft.sqlserver.jdbc.SQLServerException: Cannot open database "null" requested by the login. The login failed.
Caused by: com.microsoft.sqlserver.jdbc.SQLServerException: Cannot open database "null" requested by the login. The login failed.
	at com.microsoft.sqlserver.jdbc.SQLServerException.makeFromDatabaseError(SQLServerException.java:196)
	at com.microsoft.sqlserver.jdbc.TDSTokenHandler.onEOF(tdsparser.java:246)
	at com.microsoft.sqlserver.jdbc.TDSParser.parse(tdsparser.java:83)
	at com.microsoft.sqlserver.jdbc.SQLServerConnection.sendLogon(SQLServerConnection.java:2532)
	at com.microsoft.sqlserver.jdbc.SQLServerConnection.logon(SQLServerConnection.java:1929)
	at com.microsoft.sqlserver.jdbc.SQLServerConnection.access$000(SQLServerConnection.java:41)
	at com.microsoft.sqlserver.jdbc.SQLServerConnection$LogonCommand.doExecute(SQLServerConnection.java:1917)
	at com.microsoft.sqlserver.jdbc.TDSCommand.execute(IOBuffer.java:4026)
	at com.microsoft.sqlserver.jdbc.SQLServerConnection.executeCommand(SQLServerConnection.java:1416)
	at com.microsoft.sqlserver.jdbc.SQLServerConnection.connectHelper(SQLServerConnection.java:1061)
	at com.microsoft.sqlserver.jdbc.SQLServerConnection.login(SQLServerConnection.java:833)
	at com.microsoft.sqlserver.jdbc.SQLServerConnection.connect(SQLServerConnection.java:716)
	at com.microsoft.sqlserver.jdbc.SQLServerDriver.connect(SQLServerDriver.java:841)
	at java.sql.DriverManager.getConnection(Unknown Source)
	at java.sql.DriverManager.getConnection(Unknown Source)
	at org.springframework.jdbc.datasource.DriverManagerDataSource.getConnectionFromDriverManager(DriverManagerDataSource.java:291)
	at org.springframework.jdbc.datasource.DriverManagerDataSource.getConnectionFromDriverManager(DriverManagerDataSource.java:277)
	at org.springframework.jdbc.datasource.DriverManagerDataSource.getConnectionFromDriverManager(DriverManagerDataSource.java:259)
	at org.springframework.jdbc.datasource.DriverManagerDataSource.getConnection(DriverManagerDataSource.java:240)
	at org.springframework.jdbc.datasource.DataSourceUtils.doGetConnection(DataSourceUtils.java:113)
	at org.springframework.jdbc.datasource.DataSourceUtils.getConnection(DataSourceUtils.java:79)
	at org.springframework.jdbc.core.JdbcTemplate.execute(JdbcTemplate.java:328)
	at org.springframework.jdbc.core.JdbcTemplate.query(JdbcTemplate.java:404)
	at org.springframework.jdbc.core.JdbcTemplate.query(JdbcTemplate.java:412)
	at com.rf.core.utils.DBUtil.performDatabaseQuery(DBUtil.java:80)
	at com.rf.test.website.RFLSDWebsiteBaseTest.beforeClass(RFLSDWebsiteBaseTest.java:103)
	at sun.reflect.NativeMethodAccessorImpl.invoke0(Native Method)
	at sun.reflect.NativeMethodAccessorImpl.invoke(Unknown Source)
	at sun.reflect.DelegatingMethodAccessorImpl.invoke(Unknown Source)
	at java.lang.reflect.Method.invoke(Unknown Source)
	at org.testng.internal.MethodInvocationHelper.invokeMethod(MethodInvocationHelper.java:84)
	at org.testng.internal.Invoker.invokeConfigurationMethod(Invoker.java:564)
	at org.testng.internal.Invoker.invokeConfigurations(Invoker.java:213)
	at org.testng.internal.Invoker.invokeConfigurations(Invoker.java:138)
	at org.testng.internal.TestMethodWorker.invokeBeforeClassMethods(TestMethodWorker.java:175)
	at org.testng.internal.TestMethodWorker.run(TestMethodWorker.java:107)
	at org.testng.TestRunner.privateRun(TestRunner.java:767)
	at org.testng.TestRunner.run(TestRunner.java:617)
	at org.testng.SuiteRunner.runTest(SuiteRunner.java:348)
	at org.testng.SuiteRunner.runSequentially(SuiteRunner.java:343)
	at org.testng.SuiteRunner.privateRun(SuiteRunner.java:305)
	at org.testng.SuiteRunner.run(SuiteRunner.java:254)
	at org.testng.SuiteRunnerWorker.runSuite(SuiteRunnerWorker.java:52)
	at org.testng.SuiteRunnerWorker.run(SuiteRunnerWorker.java:86)
	at org.testng.TestNG.runSuitesSequentially(TestNG.java:1224)
	at org.testng.TestNG.runSuitesLocally(TestNG.java:1149)
	at org.testng.TestNG.run(TestNG.java:1057)
	at org.testng.remote.AbstractRemoteTestNG.run(AbstractRemoteTestNG.java:114)
	at org.testng.remote.RemoteTestNG.initAndRun(RemoteTestNG.java:251)
	at org.testng.remote.RemoteTestNG.main(RemoteTestNG.java:77)
]]>
    </failure>
  </testcase> <!-- @BeforeClass beforeClass -->
  <testcase name="@BeforeMethod initiateSoftAssertObject" time="0.0" classname="com.rf.test.website.LSD.LSDCustomerTests">
    <skipped/>
  </testcase> <!-- @BeforeMethod initiateSoftAssertObject -->
  <testcase name="@AfterMethod tearDownAfterMethod" time="0.0" classname="com.rf.test.website.LSD.LSDCustomerTests">
    <skipped/>
  </testcase> <!-- @AfterMethod tearDownAfterMethod -->
  <testcase name="@AfterClass afterClass" time="0.0" classname="com.rf.test.website.LSD.LSDCustomerTests">
    <skipped/>
  </testcase> <!-- @AfterClass afterClass -->
  <testcase name="TotalNumberOfAllPCs_3349q" time="0.042" classname="com.rf.test.website.LSD.LSDCustomerTests">
    <skipped/>
  </testcase> <!-- TotalNumberOfAllPCs_3349q -->
</testsuite> <!-- Default test -->
